<?xml version="1.0" encoding="UTF-8"?>
<testsuite name="br.com.fiap.lanchonete.infra.controllers.PedidoControllerTests" tests="2" skipped="0" failures="0" errors="0" timestamp="2024-12-03T00:08:36" hostname="DESKTOP-FELIPE" time="0.292">
  <properties/>
  <testcase name="should_return_pedido_dto_on_complete_success()" classname="br.com.fiap.lanchonete.infra.controllers.PedidoControllerTests" time="0.278"/>
  <testcase name="should_return_pedido_dto_on_receive_success()" classname="br.com.fiap.lanchonete.infra.controllers.PedidoControllerTests" time="0.008"/>
  <system-out><![CDATA[]]></system-out>
  <system-err><![CDATA[]]></system-err>
</testsuite>
